ChatMOD.toc
ChatMOD.lua
Bindings.xml
files.lst
xml/Welcome_Form.xml
xml/Changes_Form.xml
xml/solColorChatNicksForm.xml
xml/solColorChatNicks_scroller.xml
xml/solHyperlinker.xml
xml/Config_Form.xml
xml/Highlight_Form.xml
xml/ShortChan_Form.xml
xml/ChatSound_Form.xml
xml/ScrollDown.xml
localization/all.lua
localization/default.lua
localization/deDE.lua
localization/frFR.lua
localization/zhCN.lua
localization/zhTW.lua
localization/koKR.lua
UICentral.ModIndex
ChangeLog.txt
gfx/Icon.blp
gfx/Icon2.blp
audio/1.mp3
audio/2.mp3
audio/3.mp3
audio/4.mp3
audio/5.mp3
